<?xml version="1.0" encoding="UTF-8"?>
<testsuite xmlns:xsi="http://www.w3.org/2001/XMLSchema-instance" xsi:noNamespaceSchemaLocation="https://maven.apache.org/surefire/maven-surefire-plugin/xsd/surefire-test-report.xsd" version="3.0.2" name="com.ecoafono.EcoafonoApplicationTests" time="18.187" tests="1" errors="0" skipped="0" failures="0">
  <properties>
[...]
</properties>
  <testcase name="contextLoads" classname="com.ecoafono.EcoafonoApplicationTests" time="1.759">
    <system-out><![CDATA[09:39:06.261 [main] INFO org.springframework.test.context.support.AnnotationConfigContextLoaderUtils -- Could not detect default configuration classes for test class [com.ecoafono.EcoafonoApplicationTests]: EcoafonoApplicationTests does not declare any static, non-private, non-final, nested classes annotated with @Configuration.
09:39:06.529 [main] INFO org.springframework.boot.test.context.SpringBootTestContextBootstrapper -- Found @SpringBootConfiguration com.ecoafono.EcoafonoApplication for test class com.ecoafono.EcoafonoApplicationTests
09:39:06.953 [main] INFO org.springframework.boot.devtools.restart.RestartApplicationListener -- Restart disabled due to context in which it is running

  .   ____          _            __ _ _
 /\\ / ___'_ __ _ _(_)_ __  __ _ \ \ \ \
( ( )\___ | '_ | '_| | '_ \/ _` | \ \ \ \
 \\/  ___)| |_)| | | | | || (_| |  ) ) ) )
  '  |____| .__|_| |_|_| |_\__, | / / / /
 =========|_|==============|___/=/_/_/_/

 :: Spring Boot ::                (v3.5.6)

2026-05-07T09:39:07.691-03:00  INFO 22996 --- [ecoafono] [           main] com.ecoafono.EcoafonoApplicationTests    : Starting EcoafonoApplicationTests using Java 21.0.7 with PID 22996 (started by isabe in C:\Users\isabe\OneDrive\Área de Trabalho\FIAP\3º Ano\SOA\Sprint_4\Sprint3_SOA\ecoafono)
2026-05-07T09:39:07.694-03:00  INFO 22996 --- [ecoafono] [           main] com.ecoafono.EcoafonoApplicationTests    : No active profile set, falling back to 1 default profile: "default"
2026-05-07T09:39:10.358-03:00  INFO 22996 --- [ecoafono] [           main] .s.d.r.c.RepositoryConfigurationDelegate : Bootstrapping Spring Data JPA repositories in DEFAULT mode.
2026-05-07T09:39:10.682-03:00  INFO 22996 --- [ecoafono] [           main] .s.d.r.c.RepositoryConfigurationDelegate : Finished Spring Data repository scanning in 197 ms. Found 3 JPA repository interfaces.
2026-05-07T09:39:11.868-03:00  INFO 22996 --- [ecoafono] [           main] com.zaxxer.hikari.HikariDataSource       : HikariPool-1 - Starting...
2026-05-07T09:39:13.831-03:00  INFO 22996 --- [ecoafono] [           main] com.zaxxer.hikari.pool.HikariPool        : HikariPool-1 - Added connection com.mysql.cj.jdbc.ConnectionImpl@59d5a6fd
2026-05-07T09:39:13.836-03:00  INFO 22996 --- [ecoafono] [           main] com.zaxxer.hikari.HikariDataSource       : HikariPool-1 - Start completed.
2026-05-07T09:39:14.089-03:00  INFO 22996 --- [ecoafono] [           main] org.flywaydb.core.FlywayExecutor         : Database: jdbc:mysql://localhost/ecoa_fono (MySQL 8.0)
2026-05-07T09:39:14.443-03:00  INFO 22996 --- [ecoafono] [           main] o.f.c.i.s.JdbcTableSchemaHistory         : Schema history table `ecoa_fono`.`flyway_schema_history` does not exist yet
2026-05-07T09:39:14.452-03:00  INFO 22996 --- [ecoafono] [           main] o.f.core.internal.command.DbValidate     : Successfully validated 5 migrations (execution time 00:00.155s)
2026-05-07T09:39:15.565-03:00  INFO 22996 --- [ecoafono] [           main] o.f.core.internal.command.DbMigrate      : Current version of schema `ecoa_fono`: 1
2026-05-07T09:39:15.619-03:00  INFO 22996 --- [ecoafono] [           main] o.f.core.internal.command.DbMigrate      : Migrating schema `ecoa_fono` to version "2 - create-table-exercicios"
2026-05-07T09:39:15.923-03:00  INFO 22996 --- [ecoafono] [           main] o.f.core.internal.command.DbMigrate      : Migrating schema `ecoa_fono` to version "4 - create-table-sessao-exercicios"
2026-05-07T09:39:16.173-03:00  INFO 22996 --- [ecoafono] [           main] o.f.core.internal.command.DbMigrate      : Successfully applied 2 migrations to schema `ecoa_fono`, now at version v4 (execution time 00:00.132s)
2026-05-07T09:39:16.440-03:00  INFO 22996 --- [ecoafono] [           main] o.hibernate.jpa.internal.util.LogHelper  : HHH000204: Processing PersistenceUnitInfo [name: default]
2026-05-07T09:39:16.553-03:00  INFO 22996 --- [ecoafono] [           main] org.hibernate.Version                    : HHH000412: Hibernate ORM core version 6.6.29.Final
2026-05-07T09:39:16.623-03:00  INFO 22996 --- [ecoafono] [           main] o.h.c.internal.RegionFactoryInitiator    : HHH000026: Second-level cache disabled
2026-05-07T09:39:17.218-03:00  INFO 22996 --- [ecoafono] [           main] o.s.o.j.p.SpringPersistenceUnitInfo      : No LoadTimeWeaver setup: ignoring JPA class transformer
2026-05-07T09:39:17.371-03:00  INFO 22996 --- [ecoafono] [           main] org.hibernate.orm.connections.pooling    : HHH10001005: Database info:
	Database JDBC URL [Connecting through datasource 'HikariDataSource (HikariPool-1)']
	Database driver: undefined/unknown
	Database version: 8.0.44
	Autocommit mode: undefined/unknown
	Isolation level: undefined/unknown
	Minimum pool size: undefined/unknown
	Maximum pool size: undefined/unknown
2026-05-07T09:39:19.195-03:00  INFO 22996 --- [ecoafono] [           main] o.h.e.t.j.p.i.JtaPlatformInitiator       : HHH000489: No JTA platform available (set 'hibernate.transaction.jta.platform' to enable JTA platform integration)
2026-05-07T09:39:19.202-03:00  INFO 22996 --- [ecoafono] [           main] j.LocalContainerEntityManagerFactoryBean : Initialized JPA EntityManagerFactory for persistence unit 'default'
2026-05-07T09:39:19.964-03:00  INFO 22996 --- [ecoafono] [           main] o.s.d.j.r.query.QueryEnhancerFactory     : Hibernate is in classpath; If applicable, HQL parser will be used.
2026-05-07T09:39:21.619-03:00  WARN 22996 --- [ecoafono] [           main] JpaBaseConfiguration$JpaWebConfiguration : spring.jpa.open-in-view is enabled by default. Therefore, database queries may be performed during view rendering. Explicitly configure spring.jpa.open-in-view to disable this warning
2026-05-07T09:39:22.373-03:00  INFO 22996 --- [ecoafono] [           main] com.ecoafono.EcoafonoApplicationTests    : Started EcoafonoApplicationTests in 15.454 seconds (process running for 18.923)
]]></system-out>
    <system-err><![CDATA[Mockito is currently self-attaching to enable the inline-mock-maker. This will no longer work in future releases of the JDK. Please add Mockito as an agent to your build as described in Mockito's documentation: https://javadoc.io/doc/org.mockito/mockito-core/latest/org.mockito/org/mockito/Mockito.html#0.3
WARNING: A Java agent has been loaded dynamically (C:\Users\isabe\.m2\repository\net\bytebuddy\byte-buddy-agent\1.17.7\byte-buddy-agent-1.17.7.jar)
WARNING: If a serviceability tool is in use, please run with -XX:+EnableDynamicAgentLoading to hide this warning
WARNING: If a serviceability tool is not in use, please run with -Djdk.instrument.traceUsage for more information
WARNING: Dynamic loading of agents will be disallowed by default in a future release
]]></system-err>
  </testcase>
</testsuite>